[25.11.2025 16:21:44.764] [00002736] [DEBUG] Скачивание файлов
[25.11.2025 16:21:44.764] [00002736] [DEBUG] Разархивирование архива
[25.11.2025 16:58:31.457] [00003780] [DEBUG] Проверка состояния ККМ
[25.11.2025 17:02:27.419] [00014648] [DEBUG] Проверка состояния ККМ
[25.11.2025 17:06:17.647] [00021864] [DEBUG] Проверка состояния ККМ
[25.11.2025 17:07:08.844] [00021656] [DEBUG] Проверка состояния ККМ
[25.11.2025 17:08:00.474] [00009580] [DEBUG] Проверка состояния ККМ
[25.11.2025 17:08:05.859] [00022236] [DEBUG] ------------------------------------------------------------
[25.11.2025 17:08:05.859] [00022236] [DEBUG] Обновление устройства
[25.11.2025 17:08:05.871] [00022236] [DEBUG] Проверка состояния ККМ
[25.11.2025 17:08:05.920] [00022236] [DEBUG] Чтение счетчика наличных
[25.11.2025 17:08:05.920] [00022236] [DEBUG] Форматирование SD карты
[25.11.2025 17:08:05.920] [00022236] [DEBUG] DFU, запись файла "sm_ldr_155.bin"
[25.11.2025 17:08:05.920] [00022236] [DEBUG] Проверка драйвера DFU
[25.11.2025 17:08:05.920] [00022236] [DEBUG] Переход в режим DFU
[25.11.2025 17:08:10.949] [00022236] [DEBUG] Запись файла sm_ldr_155.bin
[25.11.2025 17:08:11.092] [00022236] [DEBUG] DFU, запись успешно выполнена
[25.11.2025 17:08:11.092] [00022236] [DEBUG] DFU, время записи, секунд: 0
[25.11.2025 17:08:19.106] [00022236] [DEBUG] Ожидание устройства...
[25.11.2025 17:08:20.109] [00022236] [DEBUG] Поиск устройства...
[25.11.2025 17:08:24.131] [00022236] [DEBUG] Поиск устройства...
[25.11.2025 17:08:28.168] [00022236] [DEBUG] Поиск устройства...
[25.11.2025 17:08:32.202] [00022236] [DEBUG] Поиск устройства...
[25.11.2025 17:08:36.238] [00022236] [DEBUG] Поиск устройства...
[25.11.2025 17:08:40.260] [00022236] [DEBUG] Поиск устройства...
[25.11.2025 17:08:44.286] [00022236] [DEBUG] Поиск устройства...
[25.11.2025 17:08:48.293] [00022236] [DEBUG] Поиск устройства...
[25.11.2025 17:08:52.305] [00022236] [DEBUG] Поиск устройства...
[25.11.2025 17:08:52.337] [00022236] [DEBUG] ReadSerialNumber: 0, Ошибок нет
[25.11.2025 17:08:52.337] [00022236] [DEBUG] Устройство найдено
[25.11.2025 17:08:52.337] [00022236] [DEBUG] Проверка состояния ККМ
[25.11.2025 17:08:52.337] [00022236] [DEBUG] DFU, запись файла "tb_ldr_1939_test.bin"
[25.11.2025 17:08:52.337] [00022236] [DEBUG] Проверка драйвера DFU
[25.11.2025 17:08:52.337] [00022236] [DEBUG] Переход в режим DFU
[25.11.2025 17:08:57.371] [00022236] [DEBUG] Запись файла tb_ldr_1939_test.bin
[25.11.2025 17:08:57.497] [00022236] [DEBUG] DFU, запись успешно выполнена
[25.11.2025 17:08:57.497] [00022236] [DEBUG] DFU, время записи, секунд: 0
[25.11.2025 17:09:05.520] [00022236] [DEBUG] Ожидание устройства...
[25.11.2025 17:09:06.522] [00022236] [DEBUG] Поиск устройства...
[25.11.2025 17:09:06.554] [00022236] [DEBUG] ReadSerialNumber: 0, Ошибок нет
[25.11.2025 17:09:06.554] [00022236] [DEBUG] Устройство найдено
[25.11.2025 17:09:06.554] [00022236] [DEBUG] Проверка состояния ККМ
[25.11.2025 17:09:06.570] [00022236] [DEBUG] Чтение таблиц
[25.11.2025 17:09:11.321] [00022236] [DEBUG] DFU, запись файла "tb_app_7099_test.bin"
[25.11.2025 17:09:11.321] [00022236] [DEBUG] Проверка драйвера DFU
[25.11.2025 17:09:11.321] [00022236] [DEBUG] Переход в режим DFU
[25.11.2025 17:09:16.339] [00022236] [DEBUG] Запись файла tb_app_7099_test.bin
[25.11.2025 17:09:17.505] [00022236] [DEBUG] DFU, запись успешно выполнена
[25.11.2025 17:09:17.505] [00022236] [DEBUG] DFU, время записи, секунд: 1
[25.11.2025 17:09:32.523] [00022236] [DEBUG] Ожидание устройства...
[25.11.2025 17:09:32.523] [00022236] [DEBUG] Поиск на всех COM портах
[25.11.2025 17:09:32.523] [00022236] [DEBUG] Получение всех COM портов системы
[25.11.2025 17:09:33.530] [00022236] [DEBUG] Поиск на всех COM портах
[25.11.2025 17:09:33.530] [00022236] [DEBUG] Получение всех COM портов системы
[25.11.2025 17:09:34.546] [00022236] [DEBUG] Поиск на всех COM портах
[25.11.2025 17:09:34.546] [00022236] [DEBUG] Получение всех COM портов системы
[25.11.2025 17:09:35.563] [00022236] [DEBUG] Поиск на всех COM портах
[25.11.2025 17:09:35.563] [00022236] [DEBUG] Получение всех COM портов системы
[25.11.2025 17:09:36.580] [00022236] [DEBUG] Поиск на всех COM портах
[25.11.2025 17:09:36.580] [00022236] [DEBUG] Получение всех COM портов системы
[25.11.2025 17:09:37.594] [00022236] [DEBUG] Поиск на всех COM портах
[25.11.2025 17:09:37.594] [00022236] [DEBUG] Получение всех COM портов системы
[25.11.2025 17:09:38.610] [00022236] [DEBUG] Поиск на всех COM портах
[25.11.2025 17:09:38.610] [00022236] [DEBUG] Получение всех COM портов системы
[25.11.2025 17:09:39.626] [00022236] [DEBUG] Поиск на всех COM портах
[25.11.2025 17:09:39.626] [00022236] [DEBUG] Получение всех COM портов системы
[25.11.2025 17:09:40.642] [00022236] [DEBUG] Поиск на всех COM портах
[25.11.2025 17:09:40.642] [00022236] [DEBUG] Получение всех COM портов системы
[25.11.2025 17:09:41.657] [00022236] [DEBUG] Поиск на всех COM портах
[25.11.2025 17:09:41.657] [00022236] [DEBUG] Получение всех COM портов системы
[25.11.2025 17:09:41.663] [00022236] [DEBUG]   COM3
[25.11.2025 17:09:41.692] [00014932] [DEBUG] Разрешено техобнуление: 1
[25.11.2025 17:09:42.500] [00014932] [DEBUG] Устройство найдено, ШТРИХ-ЛАЙТ-02Ф
[25.11.2025 17:09:42.513] [00022236] [DEBUG] Устройство найдено
[25.11.2025 17:09:42.532] [00022236] [DEBUG] Запись лицензий
[25.11.2025 17:09:42.821] [00022236] [DEBUG] Запись таблиц из файла
[25.11.2025 17:09:44.178] [00022236] [DEBUG] Запись дополнительных таблиц
[25.11.2025 17:09:44.241] [00022236] [DEBUG] Перезагрузка...
[25.11.2025 17:09:59.275] [00022236] [DEBUG] Ожидание устройства...
[25.11.2025 17:10:00.277] [00022236] [DEBUG] Поиск устройства...
[25.11.2025 17:10:00.293] [00022236] [DEBUG] ReadSerialNumber: 0, Ошибок нет
[25.11.2025 17:10:00.293] [00022236] [DEBUG] Устройство найдено
[25.11.2025 17:10:00.293] [00022236] [DEBUG] Проверка состояния ККМ
[25.11.2025 17:10:00.309] [00022236] [DEBUG] Ожидание отправки сообщений в ОФД
[25.11.2025 17:10:00.309] [00022236] [DEBUG] Ожидание отправки сообщений в ОФД
[25.11.2025 17:10:00.311] [00022236] [DEBUG] Перерегистрация ККТ на ФФД 1.2
[25.11.2025 17:10:00.311] [00022236] [DEBUG] Перерегистрация ККТ на ФФД 4
[25.11.2025 17:10:02.284] [00022236] [DEBUG] Перерегистрация ККТ на ФФД 1.2
[25.11.2025 17:10:02.364] [00022236] [DEBUG] FNBuildReregistrationReport
[25.11.2025 17:10:02.414] [00022236] [ERROR] Ошибка: Некорректные параметры в команде для данной реализации
[25.11.2025 17:10:02.414] [00022236] [DEBUG] Ошибка: Некорректные параметры в команде для данной реализации
[25.11.2025 17:48:17.675] [00021928] [DEBUG] Проверка состояния ККМ
[25.11.2025 17:48:42.064] [00003496] [DEBUG] Проверка состояния ККМ
[25.11.2025 17:48:53.549] [00010484] [DEBUG] ------------------------------------------------------------
[25.11.2025 17:48:53.549] [00010484] [DEBUG] Обновление устройства
[25.11.2025 17:48:53.561] [00010484] [DEBUG] Проверка состояния ККМ
[25.11.2025 17:48:53.608] [00010484] [DEBUG] Чтение счетчика наличных
[25.11.2025 17:48:53.608] [00010484] [DEBUG] Чтение таблиц
[25.11.2025 17:48:57.741] [00010484] [DEBUG] Форматирование SD карты
[25.11.2025 17:48:57.747] [00010484] [DEBUG] DFU, запись файла "sm_ldr_155.bin"
[25.11.2025 17:48:57.753] [00010484] [DEBUG] Проверка драйвера DFU
[25.11.2025 17:48:57.753] [00010484] [DEBUG] Переход в режим DFU
[25.11.2025 17:49:02.780] [00010484] [DEBUG] Запись файла sm_ldr_155.bin
[25.11.2025 17:49:02.951] [00010484] [DEBUG] DFU, запись успешно выполнена
[25.11.2025 17:49:02.951] [00010484] [DEBUG] DFU, время записи, секунд: 0
[25.11.2025 17:49:10.964] [00010484] [DEBUG] Ожидание устройства...
[25.11.2025 17:49:16.259] [00010484] [DEBUG] Устройство найдено
[25.11.2025 17:49:16.274] [00010484] [DEBUG] Проверка состояния ККМ
[25.11.2025 17:49:16.301] [00010484] [DEBUG] DFU, запись файла "tb_ldr_1939_test.bin"
[25.11.2025 17:49:16.301] [00010484] [DEBUG] Проверка драйвера DFU
[25.11.2025 17:49:16.306] [00010484] [DEBUG] Переход в режим DFU
[25.11.2025 17:49:21.320] [00010484] [DEBUG] Запись файла tb_ldr_1939_test.bin
[25.11.2025 17:49:21.456] [00010484] [DEBUG] DFU, запись успешно выполнена
[25.11.2025 17:49:21.457] [00010484] [DEBUG] DFU, время записи, секунд: 0
[25.11.2025 17:49:29.460] [00010484] [DEBUG] Ожидание устройства...
[25.11.2025 17:49:57.850] [00010484] [DEBUG] Устройство найдено
[25.11.2025 17:49:57.853] [00010484] [DEBUG] Проверка состояния ККМ
[25.11.2025 17:49:57.871] [00010484] [DEBUG] DFU, запись файла "tb_app_7099_test.bin"
[25.11.2025 17:49:57.875] [00010484] [DEBUG] Проверка драйвера DFU
[25.11.2025 17:49:57.883] [00010484] [DEBUG] Переход в режим DFU
[25.11.2025 17:50:02.897] [00010484] [DEBUG] Запись файла tb_app_7099_test.bin
[25.11.2025 17:50:04.082] [00010484] [DEBUG] DFU, запись успешно выполнена
[25.11.2025 17:50:04.084] [00010484] [DEBUG] DFU, время записи, секунд: 1
[25.11.2025 17:50:19.104] [00010484] [DEBUG] Поиск устройства...
[25.11.2025 17:50:20.138] [00010484] [DEBUG]   COM3
[25.11.2025 17:50:20.217] [00022240] [DEBUG] Разрешено техобнуление: 1
[25.11.2025 17:50:21.121] [00022240] [DEBUG] Устройство найдено, ШТРИХ-ЛАЙТ-02Ф
[25.11.2025 17:50:21.137] [00010484] [DEBUG] Устройство найдено
[25.11.2025 17:50:21.169] [00010484] [DEBUG] Запись лицензий
[25.11.2025 17:50:21.455] [00010484] [DEBUG] Запись таблиц из файла
[25.11.2025 17:50:22.798] [00010484] [DEBUG] Запись дополнительных таблиц
[25.11.2025 17:50:22.830] [00010484] [DEBUG] Перезагрузка...
[25.11.2025 17:50:37.867] [00010484] [DEBUG] Ожидание устройства...
[25.11.2025 17:50:38.940] [00010484] [DEBUG] Устройство найдено
[25.11.2025 17:50:38.940] [00010484] [DEBUG] Проверка состояния ККМ
[25.11.2025 17:50:38.940] [00010484] [DEBUG] Ожидание отправки сообщений в ОФД
[25.11.2025 17:50:38.991] [00010484] [DEBUG] Печать отчета о состоянии расчетов
[25.11.2025 17:50:39.940] [00010484] [DEBUG] Перерегистрация ККТ на ФФД 1.2
[25.11.2025 17:50:41.833] [00010484] [DEBUG] Обновление выполнено успешно. Время выполнения: 108
[25.11.2025 17:50:41.833] [00010484] [DEBUG] ------------------------------------------------------------
[25.11.2025 18:08:12.197] [00003472] [DEBUG] Проверка состояния ККМ
[25.11.2025 18:08:25.019] [00016684] [DEBUG] ------------------------------------------------------------
[25.11.2025 18:08:25.019] [00016684] [DEBUG] Обновление устройства
[25.11.2025 18:08:25.034] [00016684] [DEBUG] Проверка состояния ККМ
[25.11.2025 18:08:25.069] [00016684] [DEBUG] Чтение счетчика наличных
[25.11.2025 18:08:25.082] [00016684] [DEBUG] Чтение таблиц
[25.11.2025 18:08:29.202] [00016684] [DEBUG] Форматирование SD карты
[25.11.2025 18:08:29.210] [00016684] [DEBUG] DFU, запись файла "sm_ldr_155.bin"
[25.11.2025 18:08:29.210] [00016684] [DEBUG] Проверка драйвера DFU
[25.11.2025 18:08:29.210] [00016684] [DEBUG] Переход в режим DFU
[25.11.2025 18:08:34.233] [00016684] [DEBUG] Запись файла sm_ldr_155.bin
[25.11.2025 18:08:34.399] [00016684] [DEBUG] DFU, запись успешно выполнена
[25.11.2025 18:08:34.399] [00016684] [DEBUG] DFU, время записи, секунд: 0
[25.11.2025 18:08:42.416] [00016684] [DEBUG] Ожидание устройства...
[25.11.2025 18:08:47.810] [00016684] [DEBUG] Устройство найдено
[25.11.2025 18:08:47.811] [00016684] [DEBUG] Проверка состояния ККМ
[25.11.2025 18:08:47.828] [00016684] [DEBUG] DFU, запись файла "tb_ldr_1939_test.bin"
[25.11.2025 18:08:47.828] [00016684] [DEBUG] Проверка драйвера DFU
[25.11.2025 18:08:47.835] [00016684] [DEBUG] Переход в режим DFU
[25.11.2025 18:08:52.857] [00016684] [DEBUG] Запись файла tb_ldr_1939_test.bin
[25.11.2025 18:08:52.987] [00016684] [DEBUG] DFU, запись успешно выполнена
[25.11.2025 18:08:52.988] [00016684] [DEBUG] DFU, время записи, секунд: 0
[25.11.2025 18:09:00.992] [00016684] [DEBUG] Ожидание устройства...
[25.11.2025 18:09:02.105] [00016684] [DEBUG] Устройство найдено
[25.11.2025 18:09:02.106] [00016684] [DEBUG] Проверка состояния ККМ
[25.11.2025 18:09:02.133] [00016684] [DEBUG] DFU, запись файла "tb_app_7099_test.bin"
[25.11.2025 18:09:02.133] [00016684] [DEBUG] Проверка драйвера DFU
[25.11.2025 18:09:02.133] [00016684] [DEBUG] Переход в режим DFU
[25.11.2025 18:09:07.152] [00016684] [DEBUG] Запись файла tb_app_7099_test.bin
[25.11.2025 18:09:08.330] [00016684] [DEBUG] DFU, запись успешно выполнена
[25.11.2025 18:09:08.330] [00016684] [DEBUG] DFU, время записи, секунд: 1
[25.11.2025 18:09:23.350] [00016684] [DEBUG] Поиск устройства...
[25.11.2025 18:09:23.365] [00016684] [DEBUG]   COM3
[25.11.2025 18:09:23.455] [00006216] [DEBUG] Разрешено техобнуление: 1
[25.11.2025 18:09:24.356] [00006216] [DEBUG] Устройство найдено, ШТРИХ-ЛАЙТ-02Ф
[25.11.2025 18:09:24.389] [00016684] [DEBUG] Устройство найдено
[25.11.2025 18:09:24.408] [00016684] [DEBUG] Запись лицензий
[25.11.2025 18:09:24.693] [00016684] [DEBUG] Запись таблиц из файла
[25.11.2025 18:09:26.061] [00016684] [DEBUG] Запись дополнительных таблиц
[25.11.2025 18:09:26.115] [00016684] [DEBUG] Перезагрузка...
[25.11.2025 18:09:41.131] [00016684] [DEBUG] Ожидание устройства...
[25.11.2025 18:09:42.244] [00016684] [DEBUG] Устройство найдено
[25.11.2025 18:09:42.244] [00016684] [DEBUG] Проверка состояния ККМ
[25.11.2025 18:09:42.250] [00016684] [DEBUG] Ожидание отправки сообщений в ОФД
[25.11.2025 18:09:47.455] [00016684] [DEBUG] Печать отчета о состоянии расчетов
[25.11.2025 18:09:49.019] [00016684] [DEBUG] Перерегистрация ККТ на ФФД 1.2
[25.11.2025 18:09:49.174] [00016684] [ERROR] Ошибка: Некорректная операция
[25.11.2025 18:09:49.177] [00016684] [DEBUG] Ошибка: Некорректная операция
[25.11.2025 18:58:51.750] [00019948] [DEBUG] Проверка состояния ККМ
[25.11.2025 19:27:29.560] [00014152] [DEBUG] Проверка состояния ККМ
[25.11.2025 19:27:39.128] [00019976] [DEBUG] ------------------------------------------------------------
[25.11.2025 19:27:39.128] [00019976] [DEBUG] Обновление устройства
[25.11.2025 19:27:39.136] [00019976] [DEBUG] Проверка состояния ККМ
[25.11.2025 19:27:39.179] [00019976] [DEBUG] Чтение счетчика наличных
[25.11.2025 19:27:39.188] [00019976] [DEBUG] Чтение таблиц
[25.11.2025 19:27:43.369] [00019976] [DEBUG] Форматирование SD карты
[25.11.2025 19:27:43.377] [00019976] [DEBUG] DFU, запись файла "sm_ldr_155.bin"
[25.11.2025 19:27:43.377] [00019976] [DEBUG] Проверка драйвера DFU
[25.11.2025 19:27:43.383] [00019976] [DEBUG] Переход в режим DFU
[25.11.2025 19:27:48.399] [00019976] [DEBUG] Запись файла sm_ldr_155.bin
[25.11.2025 19:27:48.543] [00019976] [DEBUG] DFU, запись успешно выполнена
[25.11.2025 19:27:48.543] [00019976] [DEBUG] DFU, время записи, секунд: 0
[25.11.2025 19:27:56.569] [00019976] [DEBUG] Ожидание устройства...
[25.11.2025 19:27:57.676] [00019976] [DEBUG] Устройство найдено
[25.11.2025 19:27:57.679] [00019976] [DEBUG] Проверка состояния ККМ
[25.11.2025 19:27:57.696] [00019976] [DEBUG] DFU, запись файла "tb_ldr_1939_test.bin"
[25.11.2025 19:27:57.697] [00019976] [DEBUG] Проверка драйвера DFU
[25.11.2025 19:27:57.703] [00019976] [DEBUG] Переход в режим DFU
[25.11.2025 19:28:02.725] [00019976] [DEBUG] Запись файла tb_ldr_1939_test.bin
[25.11.2025 19:28:02.854] [00019976] [DEBUG] DFU, запись успешно выполнена
[25.11.2025 19:28:02.855] [00019976] [DEBUG] DFU, время записи, секунд: 0
[25.11.2025 19:28:10.867] [00019976] [DEBUG] Ожидание устройства...
[25.11.2025 19:29:14.053] [00019976] [ERROR] Ошибка: Устройство 0374360004103321 не найдено
[25.11.2025 19:29:14.056] [00019976] [DEBUG] Ошибка: Устройство 0374360004103321 не найдено
[26.11.2025 09:33:03.054] [00006628] [DEBUG] Проверка состояния ККМ
